2018-03-19 14:37:49,238 [INFO] from application in play-dev-mode-akka.actor.default-dispatcher-2 - Creating Pool for datasource 'default'
2018-03-19 14:37:49,265 [WARN] from com.zaxxer.hikari.util.DriverDataSource in play-dev-mode-akka.actor.default-dispatcher-2 - Registered driver with driverClassName=com.mysql.jdbc.Driver was not found, trying direct instantiation.
2018-03-19 14:37:49,646 [INFO] from play.api.db.DefaultDBApi in play-dev-mode-akka.actor.default-dispatcher-2 - Database [default] connected at jdbc:mysql://bicicletasdb/bicicletasdb
2018-03-19 14:37:51,435 [ERROR] from application in play-dev-mode-akka.actor.default-dispatcher-2 - 

! @77b6em2j3 - Internal server error, for (GET) [/] ->
 
play.api.db.evolutions.InvalidDatabaseRevision: Database 'default' needs evolution![An SQL script need to be run on your database.]
	at play.api.db.evolutions.ApplicationEvolutions.$anonfun$runEvolutions$1(ApplicationEvolutions.scala:78)
	at play.api.db.evolutions.ApplicationEvolutions.withLock(ApplicationEvolutions.scala:100)
	at play.api.db.evolutions.ApplicationEvolutions.runEvolutions(ApplicationEvolutions.scala:49)
	at play.api.db.evolutions.ApplicationEvolutions.$anonfun$start$1(ApplicationEvolutions.scala:42)
	at play.api.db.evolutions.ApplicationEvolutions.$anonfun$start$1$adapted(ApplicationEvolutions.scala:42)
	at scala.collection.immutable.List.foreach(List.scala:389)
	at play.api.db.evolutions.ApplicationEvolutions.start(ApplicationEvolutions.scala:42)
	at play.api.db.evolutions.ApplicationEvolutions.<init>(ApplicationEvolutions.scala:151)
	at play.api.db.evolutions.ApplicationEvolutionsProvider.get$lzycompute(EvolutionsModule.scala:50)
	at play.api.db.evolutions.ApplicationEvolutionsProvider.get(EvolutionsModule.scala:49)
	at play.api.db.evolutions.ApplicationEvolutionsProvider.get(EvolutionsModule.scala:40)
	at com.google.inject.internal.ProviderInternalFactory.provision(ProviderInternalFactory.java:81)
	at com.google.inject.internal.BoundProviderFactory.provision(BoundProviderFactory.java:72)
	at com.google.inject.internal.ProviderInternalFactory.circularGet(ProviderInternalFactory.java:61)
	at com.google.inject.internal.BoundProviderFactory.get(BoundProviderFactory.java:62)
	at com.google.inject.internal.ProviderToInternalFactoryAdapter$1.call(ProviderToInternalFactoryAdapter.java:46)
	at com.google.inject.internal.InjectorImpl.callInContext(InjectorImpl.java:1092)
	at com.google.inject.internal.ProviderToInternalFactoryAdapter.get(ProviderToInternalFactoryAdapter.java:40)
	at com.google.inject.internal.SingletonScope$1.get(SingletonScope.java:194)
	at com.google.inject.internal.InternalFactoryToProviderAdapter.get(InternalFactoryToProviderAdapter.java:41)
	at com.google.inject.internal.InternalInjectorCreator$1.call(InternalInjectorCreator.java:205)
	at com.google.inject.internal.InternalInjectorCreator$1.call(InternalInjectorCreator.java:199)
	at com.google.inject.internal.InjectorImpl.callInContext(InjectorImpl.java:1085)
	at com.google.inject.internal.InternalInjectorCreator.loadEagerSingletons(InternalInjectorCreator.java:199)
	at com.google.inject.internal.InternalInjectorCreator.injectDynamically(InternalInjectorCreator.java:180)
	at com.google.inject.internal.InternalInjectorCreator.build(InternalInjectorCreator.java:110)
	at com.google.inject.Guice.createInjector(Guice.java:99)
	at com.google.inject.Guice.createInjector(Guice.java:84)
	at play.api.inject.guice.GuiceBuilder.injector(GuiceInjectorBuilder.scala:185)
	at play.api.inject.guice.GuiceApplicationBuilder.build(GuiceApplicationBuilder.scala:137)
	at play.api.inject.guice.GuiceApplicationLoader.load(GuiceApplicationLoader.scala:21)
	at play.core.server.DevServerStart$$anon$1.$anonfun$reload$3(DevServerStart.scala:174)
	at play.utils.Threads$.withContextClassLoader(Threads.scala:21)
	at play.core.server.DevServerStart$$anon$1.reload(DevServerStart.scala:171)
	at play.core.server.DevServerStart$$anon$1.get(DevServerStart.scala:124)
	at play.core.server.AkkaHttpServer.handleRequest(AkkaHttpServer.scala:189)
	at play.core.server.AkkaHttpServer.$anonfun$createServerBinding$1(AkkaHttpServer.scala:106)
	at akka.stream.impl.fusing.MapAsync$$anon$25.onPush(Ops.scala:1194)
	at akka.stream.impl.fusing.GraphInterpreter.processPush(GraphInterpreter.scala:519)
	at akka.stream.impl.fusing.GraphInterpreter.processEvent(GraphInterpreter.scala:482)
	at akka.stream.impl.fusing.GraphInterpreter.execute(GraphInterpreter.scala:378)
	at akka.stream.impl.fusing.GraphInterpreterShell.runBatch(ActorGraphInterpreter.scala:585)
	at akka.stream.impl.fusing.GraphInterpreterShell$AsyncInput.execute(ActorGraphInterpreter.scala:469)
	at akka.stream.impl.fusing.GraphInterpreterShell.processEvent(ActorGraphInterpreter.scala:560)
	at akka.stream.impl.fusing.ActorGraphInterpreter.akka$stream$impl$fusing$ActorGraphInterpreter$$processEvent(ActorGraphInterpreter.scala:742)
	at akka.stream.impl.fusing.ActorGraphInterpreter$$anonfun$receive$1.applyOrElse(ActorGraphInterpreter.scala:757)
	at akka.actor.Actor.aroundReceive(Actor.scala:517)
	at akka.actor.Actor.aroundReceive$(Actor.scala:515)
	at akka.stream.impl.fusing.ActorGraphInterpreter.aroundReceive(ActorGraphInterpreter.scala:667)
	at akka.actor.ActorCell.receiveMessage(ActorCell.scala:590)
	at akka.actor.ActorCell.invoke(ActorCell.scala:559)
	at akka.dispatch.Mailbox.processMailbox(Mailbox.scala:257)
	at akka.dispatch.Mailbox.run(Mailbox.scala:224)
	at akka.dispatch.Mailbox.exec(Mailbox.scala:234)
	at akka.dispatch.forkjoin.ForkJoinTask.doExec(ForkJoinTask.java:260)
	at akka.dispatch.forkjoin.ForkJoinPool$WorkQueue.runTask(ForkJoinPool.java:1339)
	at akka.dispatch.forkjoin.ForkJoinPool.runWorker(ForkJoinPool.java:1979)
	at akka.dispatch.forkjoin.ForkJoinWorkerThread.run(ForkJoinWorkerThread.java:107)
2018-03-19 14:37:57,966 [INFO] from application in play-dev-mode-akka.actor.default-dispatcher-2 - Shutting down connection pool.
2018-03-19 14:37:58,142 [INFO] from application in play-dev-mode-akka.actor.default-dispatcher-2 - Creating Pool for datasource 'default'
2018-03-19 14:37:58,143 [WARN] from com.zaxxer.hikari.util.DriverDataSource in play-dev-mode-akka.actor.default-dispatcher-2 - Registered driver with driverClassName=com.mysql.jdbc.Driver was not found, trying direct instantiation.
2018-03-19 14:37:58,200 [INFO] from play.api.db.DefaultDBApi in play-dev-mode-akka.actor.default-dispatcher-2 - Database [default] connected at jdbc:mysql://bicicletasdb/bicicletasdb
2018-03-19 14:37:58,825 [INFO] from play.api.http.EnabledFilters in play-dev-mode-akka.actor.default-dispatcher-2 - Enabled Filters (see <https://www.playframework.com/documentation/latest/Filters>):

    play.filters.csrf.CSRFFilter
    play.filters.headers.SecurityHeadersFilter
    play.filters.hosts.AllowedHostsFilter

2018-03-19 14:37:58,900 [INFO] from play.api.Play in play-dev-mode-akka.actor.default-dispatcher-2 - Application started (Dev)
2018-03-19 14:46:18,550 [WARN] from com.zaxxer.hikari.pool.PoolBase in application-akka.actor.default-dispatcher-3 - HikariPool-2 - Failed to validate connection com.mysql.cj.jdbc.ConnectionImpl@e2bf5c8 (No operations allowed after connection closed.)
2018-03-19 14:46:18,553 [WARN] from com.zaxxer.hikari.pool.PoolBase in application-akka.actor.default-dispatcher-3 - HikariPool-2 - Failed to validate connection com.mysql.cj.jdbc.ConnectionImpl@1fab53ae (No operations allowed after connection closed.)
2018-03-19 14:46:18,565 [WARN] from com.zaxxer.hikari.pool.PoolBase in application-akka.actor.default-dispatcher-3 - HikariPool-2 - Failed to validate connection com.mysql.cj.jdbc.ConnectionImpl@56658a6c (No operations allowed after connection closed.)
2018-03-19 14:46:18,576 [WARN] from com.zaxxer.hikari.pool.PoolBase in application-akka.actor.default-dispatcher-3 - HikariPool-2 - Failed to validate connection com.mysql.cj.jdbc.ConnectionImpl@731b0dd (No operations allowed after connection closed.)
2018-03-19 14:46:18,579 [WARN] from com.zaxxer.hikari.pool.PoolBase in application-akka.actor.default-dispatcher-3 - HikariPool-2 - Failed to validate connection com.mysql.cj.jdbc.ConnectionImpl@4e5da21 (No operations allowed after connection closed.)
2018-03-19 14:46:18,584 [WARN] from com.zaxxer.hikari.pool.PoolBase in application-akka.actor.default-dispatcher-3 - HikariPool-2 - Failed to validate connection com.mysql.cj.jdbc.ConnectionImpl@4116cf30 (No operations allowed after connection closed.)
2018-03-19 14:46:18,593 [WARN] from com.zaxxer.hikari.pool.PoolBase in application-akka.actor.default-dispatcher-3 - HikariPool-2 - Failed to validate connection com.mysql.cj.jdbc.ConnectionImpl@3b5a0b94 (No operations allowed after connection closed.)
2018-03-19 14:46:18,608 [WARN] from com.zaxxer.hikari.pool.PoolBase in application-akka.actor.default-dispatcher-3 - HikariPool-2 - Failed to validate connection com.mysql.cj.jdbc.ConnectionImpl@31e7f37a (No operations allowed after connection closed.)
2018-03-19 14:46:18,615 [WARN] from com.zaxxer.hikari.pool.PoolBase in application-akka.actor.default-dispatcher-3 - HikariPool-2 - Failed to validate connection com.mysql.cj.jdbc.ConnectionImpl@1bf903b5 (No operations allowed after connection closed.)
2018-03-19 14:46:18,623 [WARN] from com.zaxxer.hikari.pool.PoolBase in application-akka.actor.default-dispatcher-3 - HikariPool-2 - Failed to validate connection com.mysql.cj.jdbc.ConnectionImpl@6ce130b5 (No operations allowed after connection closed.)
2018-03-19 14:46:18,711 [ERROR] from application in application-akka.actor.default-dispatcher-3 - 

! @77b6fopb6 - Internal server error, for (GET) [/bicicletas] ->
 
play.api.http.HttpErrorHandlerExceptions$$anon$1: Execution exception[[PersistenceException: Query threw SQLException:Table 'bicicletasdb.bicicleta' doesn't exist Bind values:[] Query was:select t0.serial, t0.marca, t0.color from bicicleta t0]]
	at play.api.http.HttpErrorHandlerExceptions$.throwableToUsefulException(HttpErrorHandler.scala:255)
	at play.api.http.DefaultHttpErrorHandler.onServerError(HttpErrorHandler.scala:182)
	at play.core.server.AkkaHttpServer$$anonfun$2.applyOrElse(AkkaHttpServer.scala:320)
	at play.core.server.AkkaHttpServer$$anonfun$2.applyOrElse(AkkaHttpServer.scala:318)
	at scala.concurrent.Future.$anonfun$recoverWith$1(Future.scala:414)
	at scala.concurrent.impl.Promise.$anonfun$transformWith$1(Promise.scala:37)
	at scala.concurrent.impl.CallbackRunnable.run(Promise.scala:60)
	at akka.dispatch.BatchingExecutor$AbstractBatch.processBatch(BatchingExecutor.scala:55)
	at akka.dispatch.BatchingExecutor$BlockableBatch.$anonfun$run$1(BatchingExecutor.scala:91)
	at scala.runtime.java8.JFunction0$mcV$sp.apply(JFunction0$mcV$sp.java:12)
	at scala.concurrent.BlockContext$.withBlockContext(BlockContext.scala:81)
	at akka.dispatch.BatchingExecutor$BlockableBatch.run(BatchingExecutor.scala:91)
	at akka.dispatch.TaskInvocation.run(AbstractDispatcher.scala:40)
	at akka.dispatch.ForkJoinExecutorConfigurator$AkkaForkJoinTask.exec(ForkJoinExecutorConfigurator.scala:43)
	at akka.dispatch.forkjoin.ForkJoinTask.doExec(ForkJoinTask.java:260)
	at akka.dispatch.forkjoin.ForkJoinPool$WorkQueue.runTask(ForkJoinPool.java:1339)
	at akka.dispatch.forkjoin.ForkJoinPool.runWorker(ForkJoinPool.java:1979)
	at akka.dispatch.forkjoin.ForkJoinWorkerThread.run(ForkJoinWorkerThread.java:107)
Caused by: javax.persistence.PersistenceException: Query threw SQLException:Table 'bicicletasdb.bicicleta' doesn't exist Bind values:[] Query was:select t0.serial, t0.marca, t0.color from bicicleta t0
	at io.ebean.config.dbplatform.SqlCodeTranslator.translate(SqlCodeTranslator.java:52)
	at io.ebean.config.dbplatform.DatabasePlatform.translate(DatabasePlatform.java:192)
	at io.ebeaninternal.server.query.CQueryEngine.translate(CQueryEngine.java:139)
	at io.ebeaninternal.server.query.DefaultOrmQueryEngine.translate(DefaultOrmQueryEngine.java:44)
	at io.ebeaninternal.server.core.OrmQueryRequest.translate(OrmQueryRequest.java:96)
	at io.ebeaninternal.server.query.CQuery.createPersistenceException(CQuery.java:688)
	at io.ebeaninternal.server.query.CQueryEngine.findMany(CQueryEngine.java:381)
	at io.ebeaninternal.server.query.DefaultOrmQueryEngine.findMany(DefaultOrmQueryEngine.java:149)
	at io.ebeaninternal.server.core.OrmQueryRequest.findList(OrmQueryRequest.java:412)
	at io.ebeaninternal.server.core.DefaultServer.findList(DefaultServer.java:1535)
	at io.ebeaninternal.server.core.DefaultServer.findList(DefaultServer.java:1514)
	at io.ebeaninternal.server.querydefn.DefaultOrmQuery.findList(DefaultOrmQuery.java:1270)
	at io.ebean.Finder.all(Finder.java:165)
	at controllers.BicisController.index(BicisController.java:24)
	at router.Routes$$anonfun$routes$1.$anonfun$applyOrElse$6(Routes.scala:204)
	at play.core.routing.HandlerInvokerFactory$$anon$3.resultCall(HandlerInvoker.scala:134)
	at play.core.routing.HandlerInvokerFactory$$anon$3.resultCall(HandlerInvoker.scala:133)
	at play.core.routing.HandlerInvokerFactory$JavaActionInvokerFactory$$anon$8$$anon$2$$anon$1.invocation(HandlerInvoker.scala:108)
	at play.core.j.JavaAction$$anon$1.call(JavaAction.scala:88)
	at play.http.DefaultActionCreator$1.call(DefaultActionCreator.java:31)
	at play.core.j.JavaAction.$anonfun$apply$8(JavaAction.scala:138)
	at scala.concurrent.Future$.$anonfun$apply$1(Future.scala:655)
	at scala.util.Success.$anonfun$map$1(Try.scala:251)
	at scala.util.Success.map(Try.scala:209)
	at scala.concurrent.Future.$anonfun$map$1(Future.scala:289)
	at scala.concurrent.impl.Promise.liftedTree1$1(Promise.scala:29)
	at scala.concurrent.impl.Promise.$anonfun$transform$1(Promise.scala:29)
	at scala.concurrent.impl.CallbackRunnable.run(Promise.scala:60)
	at play.core.j.HttpExecutionContext$$anon$2.run(HttpExecutionContext.scala:56)
	at play.api.libs.streams.Execution$trampoline$.execute(Execution.scala:70)
	at play.core.j.HttpExecutionContext.execute(HttpExecutionContext.scala:48)
	at scala.concurrent.impl.CallbackRunnable.executeWithValue(Promise.scala:68)
	at scala.concurrent.impl.Promise$KeptPromise$Kept.onComplete(Promise.scala:368)
	at scala.concurrent.impl.Promise$KeptPromise$Kept.onComplete$(Promise.scala:367)
	at scala.concurrent.impl.Promise$KeptPromise$Successful.onComplete(Promise.scala:375)
	at scala.concurrent.impl.Promise.transform(Promise.scala:29)
	at scala.concurrent.impl.Promise.transform$(Promise.scala:27)
	at scala.concurrent.impl.Promise$KeptPromise$Successful.transform(Promise.scala:375)
	at scala.concurrent.Future.map(Future.scala:289)
	at scala.concurrent.Future.map$(Future.scala:289)
	at scala.concurrent.impl.Promise$KeptPromise$Successful.map(Promise.scala:375)
	at scala.concurrent.Future$.apply(Future.scala:655)
	at play.core.j.JavaAction.apply(JavaAction.scala:138)
	at play.api.mvc.Action.$anonfun$apply$2(Action.scala:96)
	at play.api.libs.streams.StrictAccumulator.$anonfun$mapFuture$4(Accumulator.scala:174)
	at scala.util.Try$.apply(Try.scala:209)
	at play.api.libs.streams.StrictAccumulator.$anonfun$mapFuture$3(Accumulator.scala:174)
	at scala.Function1.$anonfun$andThen$1(Function1.scala:52)
	at scala.Function1.$anonfun$andThen$1(Function1.scala:52)
	at scala.Function1.$anonfun$andThen$1(Function1.scala:52)
	at play.api.libs.streams.StrictAccumulator.run(Accumulator.scala:207)
	at play.core.server.AkkaHttpServer.$anonfun$runAction$4(AkkaHttpServer.scala:314)
	at akka.http.scaladsl.util.FastFuture$.strictTransform$1(FastFuture.scala:41)
	at akka.http.scaladsl.util.FastFuture$.$anonfun$transformWith$3(FastFuture.scala:51)
	... 12 common frames omitted
Caused by: java.sql.SQLSyntaxErrorException: Table 'bicicletasdb.bicicleta' doesn't exist
	at com.mysql.cj.jdbc.exceptions.SQLError.createSQLException(SQLError.java:536)
	at com.mysql.cj.jdbc.exceptions.SQLError.createSQLException(SQLError.java:513)
	at com.mysql.cj.jdbc.exceptions.SQLExceptionsMapping.translateException(SQLExceptionsMapping.java:115)
	at com.mysql.cj.jdbc.ConnectionImpl.execSQL(ConnectionImpl.java:1983)
	at com.mysql.cj.jdbc.PreparedStatement.executeInternal(PreparedStatement.java:1826)
	at com.mysql.cj.jdbc.PreparedStatement.executeQuery(PreparedStatement.java:1923)
	at com.zaxxer.hikari.pool.ProxyPreparedStatement.executeQuery(ProxyPreparedStatement.java:52)
	at com.zaxxer.hikari.pool.HikariProxyPreparedStatement.executeQuery(HikariProxyPreparedStatement.java)
	at io.ebeaninternal.server.query.CQuery.prepareBindExecuteQueryWithOption(CQuery.java:355)
	at io.ebeaninternal.server.query.CQuery.prepareBindExecuteQuery(CQuery.java:307)
	at io.ebeaninternal.server.query.CQueryEngine.findMany(CQueryEngine.java:357)
	... 59 common frames omitted
